<?xml version="1.0" encoding="utf-8"?><testsuites name="pytest tests"><testsuite name="pytest" errors="0" failures="0" skipped="0" tests="57" time="19.389" timestamp="2026-07-31T01:01:00.246548+08:00" hostname="Blues-lau"><testcase classname="integration.test_app.TestHealthCheck" name="test_returns_ok" time="0.498" /><testcase classname="integration.test_app.TestHealthCheck" name="test_cache_headers_not_cached" time="0.237" /><testcase classname="integration.test_app.TestSpaCatchAll" name="test_unknown_api_path_returns_html" time="0.239" /><testcase classname="integration.test_app.TestSpaCatchAll" name="test_deep_vue_route_returns_html" time="0.230" /><testcase classname="integration.test_app.TestExceptionHandler" name="test_not_found_404" time="0.005" /><testcase classname="integration.test_app.TestExceptionHandler" name="test_validation_400" time="0.006" /><testcase classname="integration.test_app.TestExceptionHandler" name="test_conflict_409" time="0.006" /><testcase classname="integration.test_app.TestExceptionHandler" name="test_unavailable_503" time="0.006" /><testcase classname="integration.test_app.TestExceptionHandler" name="test_app_exception_custom_status" time="0.005" /><testcase classname="integration.test_app.TestExceptionHandler" name="test_all_handler_errors_have_success_false" time="0.015" /><testcase classname="integration.test_app.TestExceptionHandler" name="test_all_responses_are_json" time="0.015" /><testcase classname="integration.test_routers_auth.TestLogin" name="test_login_success" time="0.512" /><testcase classname="integration.test_routers_auth.TestLogin" name="test_login_wrong_password" time="0.457" /><testcase classname="integration.test_routers_auth.TestLogin" name="test_login_nonexistent_user" time="0.238" /><testcase classname="integration.test_routers_auth.TestLogin" name="test_login_missing_fields" time="0.233" /><testcase classname="integration.test_routers_auth.TestLogin" name="test_login_missing_password" time="0.229" /><testcase classname="integration.test_routers_auth.TestTokenValidation" name="test_valid_token_on_protected_route" time="0.467" /><testcase classname="integration.test_routers_auth.TestTokenValidation" name="test_no_token" time="0.267" /><testcase classname="integration.test_routers_auth.TestTokenValidation" name="test_invalid_token" time="0.269" /><testcase classname="integration.test_routers_auth.TestTokenValidation" name="test_empty_token" time="0.243" /><testcase classname="integration.test_routers_auth.TestTokenValidation" name="test_tampered_token" time="0.233" /><testcase classname="integration.test_routers_auth.TestTokenValidation" name="test_no_bearer_prefix" time="0.228" /><testcase classname="integration.test_routers_auth.TestTokenValidation" name="test_non_base64_token" time="0.234" /><testcase classname="integration.test_routers_auth.TestGetCurrentUser" name="test_token_returns_user" time="0.468" /><testcase classname="integration.test_routers_auth.TestGetCurrentUser" name="test_401_error_format" time="0.225" /><testcase classname="integration.test_routers_bots.TestListBots" name="test_requires_auth" time="0.230" /><testcase classname="integration.test_routers_bots.TestListBots" name="test_returns_empty_list" time="0.452" /><testcase classname="integration.test_routers_bots.TestListBots" name="test_returns_bots_after_create" time="0.451" /><testcase classname="integration.test_routers_bots.TestCreateBot" name="test_requires_perm" time="0.456" /><testcase classname="integration.test_routers_bots.TestCreateBot" name="test_returns_ok_format" time="0.545" /><testcase classname="integration.test_routers_bots.TestCreateBot" name="test_missing_required_field" time="0.488" /><testcase classname="integration.test_routers_bots.TestDeleteBot" name="test_requires_perm" time="0.478" /><testcase classname="integration.test_routers_bots.TestDeleteBot" name="test_not_found_returns_ok" time="0.489" /><testcase classname="integration.test_routers_monitor.TestMonitorEndpoints" name="test_servers_requires_auth" time="0.235" /><testcase classname="integration.test_routers_monitor.TestMonitorEndpoints" name="test_with_auth" time="0.461" /><testcase classname="integration.test_routers_monitor.TestAlertRules" name="test_list_requires_auth" time="0.232" /><testcase classname="integration.test_routers_monitor.TestAlertRules" name="test_list_with_auth" time="0.445" /><testcase classname="integration.test_routers_monitor.TestAlertRules" name="test_create_requires_perm" time="0.446" /><testcase classname="integration.test_routers_monitor.TestAlertRules" name="test_delete_requires_perm" time="0.441" /><testcase classname="integration.test_routers_monitor.TestCustomMonitors" name="test_list_requires_auth" time="0.290" /><testcase classname="integration.test_routers_monitor.TestCustomMonitors" name="test_list_with_auth" time="0.455" /><testcase classname="integration.test_routers_monitor.TestCustomMonitors" name="test_test_endpoint_requires_auth" time="0.217" /><testcase classname="integration.test_routers_monitor.TestCustomMonitors" name="test_create_requires_perm" time="0.450" /><testcase classname="integration.test_routers_servers.TestListServers" name="test_requires_auth" time="0.227" /><testcase classname="integration.test_routers_servers.TestListServers" name="test_returns_empty_list" time="0.460" /><testcase classname="integration.test_routers_servers.TestCreateServer" name="test_requires_perm" time="0.456" /><testcase classname="integration.test_routers_servers.TestCreateServer" name="test_validation_missing_fields" time="0.438" /><testcase classname="integration.test_routers_servers.TestCreateServer" name="test_validation_missing_host" time="0.440" /><testcase classname="integration.test_routers_servers.TestServerCRUDFlow" name="test_full_flow" time="0.459" /><testcase classname="integration.test_routers_users.TestListUsers" name="test_requires_auth" time="0.227" /><testcase classname="integration.test_routers_users.TestListUsers" name="test_requires_admin_perm" time="0.464" /><testcase classname="integration.test_routers_users.TestCreateUser" name="test_requires_admin" time="0.454" /><testcase classname="integration.test_routers_users.TestCreateUser" name="test_missing_auth" time="0.225" /><testcase classname="integration.test_routers_users.TestChangePassword" name="test_requires_auth" time="0.248" /><testcase classname="integration.test_routers_users.TestChangePassword" name="test_self_change_password" time="0.932" /><testcase classname="integration.test_routers_users.TestChangePassword" name="test_wrong_old_password" time="0.645" /><testcase classname="integration.test_routers_users.TestDeleteUser" name="test_requires_admin" time="0.455" /></testsuite></testsuites>