<?xml version="1.0" encoding="utf-8"?><testsuites name="pytest tests"><testsuite name="pytest" errors="0" failures="0" skipped="0" tests="54" time="2.391" timestamp="2026-07-31T01:00:57.285818+08:00" hostname="Blues-lau"><testcase classname="unit.test_database.TestDatabaseInit" name="test_driver_sqlite" time="0.488" /><testcase classname="unit.test_database.TestDatabaseInit" name="test_driver_invalid" time="0.001" /><testcase classname="unit.test_database.TestSqliteConnContext" name="test_conn_yields_connection" time="0.324" /><testcase classname="unit.test_database.TestSqliteConnContext" name="test_auto_commit_on_success" time="0.348" /><testcase classname="unit.test_database.TestSqliteConnContext" name="test_auto_close_on_exception" time="0.347" /><testcase classname="unit.test_database.TestSqliteConnContext" name="test_cd_tables_created" time="0.291" /><testcase classname="unit.test_database.TestSqliteWrapper" name="test_enter_returns_conn" time="0.002" /><testcase classname="unit.test_database.TestSqliteWrapper" name="test_exit_commits_and_closes" time="0.006" /><testcase classname="unit.test_database.TestTableMigration" name="test_add_missing_columns" time="0.296" /><testcase classname="unit.test_exceptions.TestAppException" name="test_default_status" time="0.000" /><testcase classname="unit.test_exceptions.TestAppException" name="test_custom_status" time="0.000" /><testcase classname="unit.test_exceptions.TestAppException" name="test_custom_detail" time="0.001" /><testcase classname="unit.test_exceptions.TestAppException" name="test_is_exception" time="0.001" /><testcase classname="unit.test_exceptions.TestNotFoundError" name="test_default" time="0.001" /><testcase classname="unit.test_exceptions.TestNotFoundError" name="test_custom_message" time="0.000" /><testcase classname="unit.test_exceptions.TestNotFoundError" name="test_with_detail" time="0.000" /><testcase classname="unit.test_exceptions.TestNotFoundError" name="test_inherits_app_exception" time="0.000" /><testcase classname="unit.test_exceptions.TestConflictError" name="test_default" time="0.000" /><testcase classname="unit.test_exceptions.TestConflictError" name="test_custom_message" time="0.000" /><testcase classname="unit.test_exceptions.TestConflictError" name="test_inherits_app_exception" time="0.000" /><testcase classname="unit.test_exceptions.TestValidationError" name="test_default" time="0.001" /><testcase classname="unit.test_exceptions.TestValidationError" name="test_custom_message" time="0.001" /><testcase classname="unit.test_exceptions.TestValidationError" name="test_e2e_forward_compat" time="0.001" /><testcase classname="unit.test_exceptions.TestServiceUnavailableError" name="test_default" time="0.001" /><testcase classname="unit.test_exceptions.TestServiceUnavailableError" name="test_custom_message" time="0.001" /><testcase classname="unit.test_exceptions.TestDatabaseError" name="test_default" time="0.001" /><testcase classname="unit.test_exceptions.TestDatabaseError" name="test_custom_message" time="0.000" /><testcase classname="unit.test_models.TestLoginRequest" name="test_valid" time="0.001" /><testcase classname="unit.test_models.TestLoginRequest" name="test_missing_user" time="0.001" /><testcase classname="unit.test_models.TestLoginRequest" name="test_missing_password" time="0.001" /><testcase classname="unit.test_models.TestLoginRequest" name="test_empty_fields_pass_pydantic" time="0.001" /><testcase classname="unit.test_models.TestBotRequest" name="test_valid" time="0.001" /><testcase classname="unit.test_models.TestBotRequest" name="test_defaults" time="0.001" /><testcase classname="unit.test_models.TestBotRequest" name="test_missing_webhook" time="0.001" /><testcase classname="unit.test_models.TestServerRequest" name="test_defaults" time="0.000" /><testcase classname="unit.test_models.TestServerRequest" name="test_full" time="0.001" /><testcase classname="unit.test_models.TestServerRequest" name="test_missing_required" time="0.001" /><testcase classname="unit.test_models.TestBuildTriggerRequest" name="test_valid_full" time="0.001" /><testcase classname="unit.test_models.TestBuildTriggerRequest" name="test_empty" time="0.001" /><testcase classname="unit.test_models.TestBuildTriggerRequest" name="test_ref_only" time="0.001" /><testcase classname="unit.test_models.TestBuildTriggerRequest" name="test_variables_only" time="0.001" /><testcase classname="unit.test_models.TestBuildTriggerRequest" name="test_exported_from_models_package" time="0.001" /><testcase classname="unit.test_responses.TestOkResponse" name="test_empty" time="0.001" /><testcase classname="unit.test_responses.TestOkResponse" name="test_with_message" time="0.001" /><testcase classname="unit.test_responses.TestOkResponse" name="test_with_data" time="0.001" /><testcase classname="unit.test_responses.TestOkResponse" name="test_with_data_and_message" time="0.001" /><testcase classname="unit.test_responses.TestOkResponse" name="test_data_none_omitted" time="0.001" /><testcase classname="unit.test_responses.TestItemsResponse" name="test_basic" time="0.001" /><testcase classname="unit.test_responses.TestItemsResponse" name="test_pagination_calc" time="0.001" /><testcase classname="unit.test_responses.TestItemsResponse" name="test_empty_list" time="0.001" /><testcase classname="unit.test_responses.TestItemsResponse" name="test_single_page" time="0.000" /><testcase classname="unit.test_responses.TestErrorResponse" name="test_default" time="0.000" /><testcase classname="unit.test_responses.TestErrorResponse" name="test_custom_code" time="0.000" /><testcase classname="unit.test_responses.TestErrorResponse" name="test_long_message" time="0.001" /></testsuite></testsuites>